{
  "0 debug pnpm:scope": {
    "selected": 1
  },
  "1 info pnpm": {
    "err": {
      "name": "Error",
      "message": "not found: intall",
      "code": "ENOENT",
      "stack": "Error: not found: intall\n    at getNotFoundError (/opt/homebrew/Cellar/pnpm/7.4.1/libexec/lib/node_modules/pnpm/dist/pnpm.cjs:21148:51)\n    at Function.whichSync [as sync] (/opt/homebrew/Cellar/pnpm/7.4.1/libexec/lib/node_modules/pnpm/dist/pnpm.cjs:21225:13)\n    at getCommandAbsolutePathSync (/opt/homebrew/Cellar/pnpm/7.4.1/libexec/lib/node_modules/pnpm/dist/pnpm.cjs:22903:44)\n    at default_1 (/opt/homebrew/Cellar/pnpm/7.4.1/libexec/lib/node_modules/pnpm/dist/pnpm.cjs:22912:32)\n    at /opt/homebrew/Cellar/pnpm/7.4.1/libexec/lib/node_modules/pnpm/dist/pnpm.cjs:184702:39"
    }
  },
  "2 error pnpm": {
    "code": "ERR_PNPM_RECURSIVE_EXEC_FIRST_FAIL",
    "prefix": "/Users/chengya/Desktop/项目/full-vue3",
    "err": {
      "name": "pnpm",
      "message": "not found: intall",
      "code": "ERR_PNPM_RECURSIVE_EXEC_FIRST_FAIL",
      "stack": "Error: not found: intall\n    at getNotFoundError (/opt/homebrew/Cellar/pnpm/7.4.1/libexec/lib/node_modules/pnpm/dist/pnpm.cjs:21148:51)\n    at Function.whichSync [as sync] (/opt/homebrew/Cellar/pnpm/7.4.1/libexec/lib/node_modules/pnpm/dist/pnpm.cjs:21225:13)\n    at getCommandAbsolutePathSync (/opt/homebrew/Cellar/pnpm/7.4.1/libexec/lib/node_modules/pnpm/dist/pnpm.cjs:22903:44)\n    at default_1 (/opt/homebrew/Cellar/pnpm/7.4.1/libexec/lib/node_modules/pnpm/dist/pnpm.cjs:22912:32)\n    at /opt/homebrew/Cellar/pnpm/7.4.1/libexec/lib/node_modules/pnpm/dist/pnpm.cjs:184702:39"
    }
  }
}